TN:
SF:components/CollectionCard.vue
FN:48,(anonymous_2)
FN:57,(anonymous_3)
FN:60,(anonymous_4)
FN:61,(anonymous_5)
FN:63,(anonymous_6)
FN:64,(anonymous_7)
FN:66,(anonymous_9)
FN:67,(anonymous_10)
FN:69,(anonymous_11)
FN:70,(anonymous_12)
FN:72,(anonymous_14)
FNF:11
FNH:0
FNDA:0,(anonymous_2)
FNDA:0,(anonymous_3)
FNDA:0,(anonymous_4)
FNDA:0,(anonymous_5)
FNDA:0,(anonymous_6)
FNDA:0,(anonymous_7)
FNDA:0,(anonymous_9)
FNDA:0,(anonymous_10)
FNDA:0,(anonymous_11)
FNDA:0,(anonymous_12)
FNDA:0,(anonymous_14)
DA:38,0
DA:48,0
DA:58,0
DA:61,0
DA:64,0
DA:67,0
DA:70,0
DA:73,0
DA:74,0
DA:76,0
LF:10
LH:0
BRF:0
BRH:0
end_of_record
TN:
SF:components/argon/BaseAlert.vue
FN:55,(anonymous_1)
FN:61,(anonymous_2)
FNF:2
FNH:0
FNDA:0,(anonymous_1)
FNDA:0,(anonymous_2)
DA:31,0
DA:56,0
DA:62,0
LF:3
LH:0
BRF:0
BRH:0
end_of_record
TN:
SF:components/argon/BaseButton.vue
FN:82,(anonymous_1)
FN:99,(anonymous_2)
FNF:2
FNH:0
FNDA:0,(anonymous_1)
FNDA:0,(anonymous_2)
DA:83,0
DA:92,0
DA:93,0
DA:95,0
DA:100,0
LF:5
LH:0
BRDA:88,0,0,0
BRDA:88,0,1,0
BRDA:92,1,0,0
BRDA:92,1,1,0
BRF:4
BRH:0
end_of_record
TN:
SF:components/argon/BaseCheckbox.vue
FN:38,(anonymous_1)
FN:46,(anonymous_2)
FN:49,(anonymous_3)
FN:56,(anonymous_4)
FN:62,(anonymous_5)
FNF:5
FNH:0
FNDA:0,(anonymous_1)
FNDA:0,(anonymous_2)
FNDA:0,(anonymous_3)
FNDA:0,(anonymous_4)
FNDA:0,(anonymous_5)
DA:17,0
DA:39,0
DA:47,0
DA:50,0
DA:51,0
DA:53,0
DA:57,0
DA:58,0
DA:63,0
LF:9
LH:0
BRDA:50,0,0,0
BRDA:50,0,1,0
BRDA:57,1,0,0
BRDA:57,1,1,0
BRF:4
BRH:0
end_of_record
TN:
SF:components/argon/BaseDropdown.vue
FN:58,(anonymous_1)
FN:64,(anonymous_2)
FN:68,(anonymous_3)
FNF:3
FNH:0
FNDA:0,(anonymous_1)
FNDA:0,(anonymous_2)
FNDA:0,(anonymous_3)
DA:59,0
DA:65,0
DA:66,0
DA:69,0
DA:70,0
LF:5
LH:0
BRF:0
BRH:0
end_of_record
TN:
SF:components/argon/BaseInput.vue
FN:98,(anonymous_1)
FN:104,(anonymous_2)
FN:112,(anonymous_3)
FN:118,(anonymous_4)
FN:129,(anonymous_5)
FN:133,(anonymous_6)
FN:137,(anonymous_7)
FNF:7
FNH:0
FNDA:0,(anonymous_1)
FNDA:0,(anonymous_2)
FNDA:0,(anonymous_3)
FNDA:0,(anonymous_4)
FNDA:0,(anonymous_5)
FNDA:0,(anonymous_6)
FNDA:0,(anonymous_7)
DA:99,0
DA:105,0
DA:113,0
DA:119,0
DA:120,0
DA:130,0
DA:131,0
DA:134,0
DA:135,0
DA:138,0
DA:139,0
LF:11
LH:0
BRDA:120,0,0,0
BRDA:120,0,1,0
BRDA:120,0,2,0
BRDA:120,0,3,0
BRF:4
BRH:0
end_of_record
TN:
SF:components/argon/BaseNav.vue
FN:81,(anonymous_2)
FN:87,(anonymous_3)
FN:90,(anonymous_4)
FNF:3
FNH:0
FNDA:0,(anonymous_2)
FNDA:0,(anonymous_3)
FNDA:0,(anonymous_4)
DA:34,0
DA:35,0
DA:82,0
DA:88,0
DA:91,0
LF:5
LH:0
BRF:0
BRH:0
end_of_record
TN:
SF:components/argon/BasePagination.vue
FN:59,(anonymous_1)
FN:66,(anonymous_2)
FN:72,(anonymous_3)
FN:84,(anonymous_4)
FN:98,(anonymous_5)
FN:104,(anonymous_6)
FN:111,(anonymous_7)
FN:114,(anonymous_8)
FN:119,(anonymous_9)
FN:126,(anonymous_10)
FN:129,(anonymous_11)
FNF:11
FNH:0
FNDA:0,(anonymous_1)
FNDA:0,(anonymous_2)
FNDA:0,(anonymous_3)
FNDA:0,(anonymous_4)
FNDA:0,(anonymous_5)
FNDA:0,(anonymous_6)
FNDA:0,(anonymous_7)
FNDA:0,(anonymous_8)
FNDA:0,(anonymous_9)
FNDA:0,(anonymous_10)
FNDA:0,(anonymous_11)
DA:60,0
DA:61,0
DA:62,0
DA:64,0
DA:67,0
DA:68,0
DA:70,0
DA:73,0
DA:74,0
DA:75,0
DA:76,0
DA:77,0
DA:79,0
DA:81,0
DA:85,0
DA:86,0
DA:87,0
DA:88,0
DA:89,0
DA:91,0
DA:94,0
DA:99,0
DA:105,0
DA:106,0
DA:107,0
DA:109,0
DA:112,0
DA:115,0
DA:116,0
DA:120,0
DA:121,0
DA:127,0
DA:130,0
LF:33
LH:0
BRDA:60,0,0,0
BRDA:60,0,1,0
BRDA:61,1,0,0
BRDA:61,1,1,0
BRDA:67,2,0,0
BRDA:67,2,1,0
BRDA:67,3,0,0
BRDA:67,3,1,0
BRDA:73,4,0,0
BRDA:73,4,1,0
BRDA:76,5,0,0
BRDA:76,5,1,0
BRDA:85,6,0,0
BRDA:85,6,1,0
BRDA:88,7,0,0
BRDA:88,7,1,0
BRDA:115,8,0,0
BRDA:115,8,1,0
BRDA:120,9,0,0
BRDA:120,9,1,0
BRF:20
BRH:0
end_of_record
TN:
SF:components/argon/BaseProgress.vue
FN:57,(anonymous_1)
FN:64,(anonymous_2)
FNF:2
FNH:0
FNDA:0,(anonymous_1)
FNDA:0,(anonymous_2)
DA:58,0
DA:65,0
LF:2
LH:0
BRDA:58,0,0,0
BRDA:58,0,1,0
BRF:2
BRH:0
end_of_record
TN:
SF:components/argon/BaseRadio.vue
FN:36,(anonymous_1)
FN:43,(anonymous_2)
FN:46,(anonymous_3)
FN:50,(anonymous_4)
FN:57,(anonymous_5)
FNF:5
FNH:0
FNDA:0,(anonymous_1)
FNDA:0,(anonymous_2)
FNDA:0,(anonymous_3)
FNDA:0,(anonymous_4)
FNDA:0,(anonymous_5)
DA:15,0
DA:37,0
DA:44,0
DA:47,0
DA:51,0
DA:52,0
DA:54,0
DA:58,0
LF:8
LH:0
BRDA:51,0,0,0
BRDA:51,0,1,0
BRF:2
BRH:0
end_of_record
TN:
SF:components/argon/BaseSlider.vue
FN:26,(anonymous_2)
FN:41,(anonymous_3)
FN:48,(anonymous_4)
FN:52,(anonymous_5)
FN:58,(anonymous_6)
FN:66,(anonymous_7)
FN:74,(anonymous_8)
FN:78,(anonymous_9)
FN:83,(anonymous_10)
FNF:9
FNH:0
FNDA:0,(anonymous_2)
FNDA:0,(anonymous_3)
FNDA:0,(anonymous_4)
FNDA:0,(anonymous_5)
FNDA:0,(anonymous_6)
FNDA:0,(anonymous_7)
FNDA:0,(anonymous_8)
FNDA:0,(anonymous_9)
FNDA:0,(anonymous_10)
DA:11,0
DA:27,0
DA:42,0
DA:49,0
DA:53,0
DA:59,0
DA:65,0
DA:66,0
DA:67,0
DA:68,0
DA:69,0
DA:75,0
DA:79,0
DA:80,0
DA:81,0
DA:82,0
DA:83,0
DA:87,0
DA:90,0
LF:19
LH:0
BRDA:49,0,0,0
BRDA:49,0,1,0
BRDA:68,1,0,0
BRDA:68,1,1,0
BRDA:81,2,0,0
BRDA:81,2,1,0
BRDA:81,3,0,0
BRDA:81,3,1,0
BRDA:82,4,0,0
BRDA:82,4,1,0
BRDA:82,5,0,0
BRDA:82,5,1,0
BRDA:83,6,0,0
BRDA:83,6,1,0
BRDA:83,7,0,0
BRDA:83,7,1,0
BRF:16
BRH:0
end_of_record
TN:
SF:components/argon/BaseSwitch.vue
FN:23,(anonymous_1)
FN:26,(anonymous_2)
FNF:2
FNH:0
FNDA:0,(anonymous_1)
FNDA:0,(anonymous_2)
DA:24,0
DA:27,0
LF:2
LH:0
BRF:0
BRH:0
end_of_record
TN:
SF:components/argon/CloseButton.vue
FN:27,(anonymous_1)
FNF:1
FNH:0
FNDA:0,(anonymous_1)
DA:28,0
LF:1
LH:0
BRF:0
BRH:0
end_of_record
TN:
SF:components/argon/Modal.vue
FN:59,(anonymous_1)
FN:96,(anonymous_2)
FN:102,(anonymous_3)
FNF:3
FNH:0
FNDA:0,(anonymous_1)
FNDA:0,(anonymous_2)
FNDA:0,(anonymous_3)
DA:43,0
DA:60,0
DA:61,0
DA:97,0
DA:98,0
DA:103,0
DA:104,0
DA:105,0
DA:107,0
LF:9
LH:0
BRDA:104,0,0,0
BRDA:104,0,1,0
BRF:2
BRH:0
end_of_record
TN:
SF:components/argon-components/BaseAlert.vue
FN:78,(anonymous_1)
FN:84,(anonymous_2)
FNF:2
FNH:0
FNDA:0,(anonymous_1)
FNDA:0,(anonymous_2)
DA:54,0
DA:79,0
DA:85,0
LF:3
LH:0
BRF:0
BRH:0
end_of_record
TN:
SF:components/argon-components/BaseButton.vue
FN:93,(anonymous_1)
FN:110,(anonymous_2)
FNF:2
FNH:0
FNDA:0,(anonymous_1)
FNDA:0,(anonymous_2)
DA:94,0
DA:103,0
DA:104,0
DA:106,0
DA:111,0
LF:5
LH:0
BRDA:99,0,0,0
BRDA:99,0,1,0
BRDA:103,1,0,0
BRDA:103,1,1,0
BRF:4
BRH:0
end_of_record
TN:
SF:components/argon-components/BaseCheckbox.vue
FN:45,(anonymous_1)
FN:53,(anonymous_2)
FN:56,(anonymous_3)
FN:63,(anonymous_4)
FN:69,(anonymous_5)
FNF:5
FNH:0
FNDA:0,(anonymous_1)
FNDA:0,(anonymous_2)
FNDA:0,(anonymous_3)
FNDA:0,(anonymous_4)
FNDA:0,(anonymous_5)
DA:24,0
DA:46,0
DA:54,0
DA:57,0
DA:58,0
DA:60,0
DA:64,0
DA:65,0
DA:70,0
LF:9
LH:0
BRDA:57,0,0,0
BRDA:57,0,1,0
BRDA:64,1,0,0
BRDA:64,1,1,0
BRF:4
BRH:0
end_of_record
TN:
SF:components/argon-components/BaseDropdown.vue
FN:64,(anonymous_1)
FN:70,(anonymous_2)
FN:74,(anonymous_3)
FNF:3
FNH:0
FNDA:0,(anonymous_1)
FNDA:0,(anonymous_2)
FNDA:0,(anonymous_3)
DA:65,0
DA:71,0
DA:72,0
DA:75,0
DA:76,0
LF:5
LH:0
BRF:0
BRH:0
end_of_record
TN:
SF:components/argon-components/BaseInput.vue
FN:115,(anonymous_1)
FN:121,(anonymous_2)
FN:129,(anonymous_3)
FN:135,(anonymous_4)
FN:146,(anonymous_5)
FN:150,(anonymous_6)
FN:154,(anonymous_7)
FNF:7
FNH:0
FNDA:0,(anonymous_1)
FNDA:0,(anonymous_2)
FNDA:0,(anonymous_3)
FNDA:0,(anonymous_4)
FNDA:0,(anonymous_5)
FNDA:0,(anonymous_6)
FNDA:0,(anonymous_7)
DA:116,0
DA:122,0
DA:130,0
DA:136,0
DA:137,0
DA:147,0
DA:148,0
DA:151,0
DA:152,0
DA:155,0
DA:156,0
LF:11
LH:0
BRDA:137,0,0,0
BRDA:137,0,1,0
BRDA:137,0,2,0
BRDA:137,0,3,0
BRF:4
BRH:0
end_of_record
TN:
SF:components/argon-components/BaseNav.vue
FN:96,(anonymous_2)
FN:102,(anonymous_3)
FN:105,(anonymous_4)
FNF:3
FNH:0
FNDA:0,(anonymous_2)
FNDA:0,(anonymous_3)
FNDA:0,(anonymous_4)
DA:49,0
DA:50,0
DA:97,0
DA:103,0
DA:106,0
LF:5
LH:0
BRF:0
BRH:0
end_of_record
TN:
SF:components/argon-components/BasePagination.vue
FN:87,(anonymous_1)
FN:93,(anonymous_2)
FN:100,(anonymous_3)
FN:106,(anonymous_4)
FN:118,(anonymous_5)
FN:133,(anonymous_6)
FN:136,(anonymous_7)
FN:141,(anonymous_8)
FN:148,(anonymous_9)
FN:151,(anonymous_10)
FN:156,(anonymous_11)
FNF:11
FNH:0
FNDA:0,(anonymous_1)
FNDA:0,(anonymous_2)
FNDA:0,(anonymous_3)
FNDA:0,(anonymous_4)
FNDA:0,(anonymous_5)
FNDA:0,(anonymous_6)
FNDA:0,(anonymous_7)
FNDA:0,(anonymous_8)
FNDA:0,(anonymous_9)
FNDA:0,(anonymous_10)
FNDA:0,(anonymous_11)
DA:88,0
DA:94,0
DA:95,0
DA:96,0
DA:98,0
DA:101,0
DA:102,0
DA:104,0
DA:107,0
DA:108,0
DA:109,0
DA:110,0
DA:111,0
DA:113,0
DA:115,0
DA:119,0
DA:120,0
DA:121,0
DA:122,0
DA:123,0
DA:125,0
DA:128,0
DA:134,0
DA:137,0
DA:142,0
DA:143,0
DA:144,0
DA:146,0
DA:149,0
DA:152,0
DA:153,0
DA:157,0
DA:158,0
LF:33
LH:0
BRDA:94,0,0,0
BRDA:94,0,1,0
BRDA:95,1,0,0
BRDA:95,1,1,0
BRDA:101,2,0,0
BRDA:101,2,1,0
BRDA:101,3,0,0
BRDA:101,3,1,0
BRDA:107,4,0,0
BRDA:107,4,1,0
BRDA:110,5,0,0
BRDA:110,5,1,0
BRDA:119,6,0,0
BRDA:119,6,1,0
BRDA:122,7,0,0
BRDA:122,7,1,0
BRDA:152,8,0,0
BRDA:152,8,1,0
BRDA:157,9,0,0
BRDA:157,9,1,0
BRF:20
BRH:0
end_of_record
TN:
SF:components/argon-components/BaseProgress.vue
FN:61,(anonymous_1)
FN:68,(anonymous_2)
FNF:2
FNH:0
FNDA:0,(anonymous_1)
FNDA:0,(anonymous_2)
DA:62,0
DA:69,0
LF:2
LH:0
BRDA:62,0,0,0
BRDA:62,0,1,0
BRF:2
BRH:0
end_of_record
TN:
SF:components/argon-components/BaseRadio.vue
FN:44,(anonymous_1)
FN:51,(anonymous_2)
FN:54,(anonymous_3)
FN:58,(anonymous_4)
FN:65,(anonymous_5)
FNF:5
FNH:0
FNDA:0,(anonymous_1)
FNDA:0,(anonymous_2)
FNDA:0,(anonymous_3)
FNDA:0,(anonymous_4)
FNDA:0,(anonymous_5)
DA:23,0
DA:45,0
DA:52,0
DA:55,0
DA:59,0
DA:60,0
DA:62,0
DA:66,0
LF:8
LH:0
BRDA:59,0,0,0
BRDA:59,0,1,0
BRF:2
BRH:0
end_of_record
TN:
SF:components/argon-components/BaseSlider.vue
FN:27,(anonymous_2)
FN:42,(anonymous_3)
FN:48,(anonymous_4)
FN:54,(anonymous_5)
FN:59,(anonymous_6)
FN:64,(anonymous_7)
FN:76,(anonymous_8)
FN:80,(anonymous_9)
FN:88,(anonymous_10)
FNF:9
FNH:0
FNDA:0,(anonymous_2)
FNDA:0,(anonymous_3)
FNDA:0,(anonymous_4)
FNDA:0,(anonymous_5)
FNDA:0,(anonymous_6)
FNDA:0,(anonymous_7)
FNDA:0,(anonymous_8)
FNDA:0,(anonymous_9)
FNDA:0,(anonymous_10)
DA:12,0
DA:28,0
DA:43,0
DA:49,0
DA:55,0
DA:60,0
DA:61,0
DA:62,0
DA:63,0
DA:64,0
DA:68,0
DA:71,0
DA:77,0
DA:81,0
DA:87,0
DA:88,0
DA:89,0
DA:90,0
DA:91,0
LF:19
LH:0
BRDA:55,0,0,0
BRDA:55,0,1,0
BRDA:62,1,0,0
BRDA:62,1,1,0
BRDA:62,2,0,0
BRDA:62,2,1,0
BRDA:63,3,0,0
BRDA:63,3,1,0
BRDA:63,4,0,0
BRDA:63,4,1,0
BRDA:64,5,0,0
BRDA:64,5,1,0
BRDA:64,6,0,0
BRDA:64,6,1,0
BRDA:90,7,0,0
BRDA:90,7,1,0
BRF:16
BRH:0
end_of_record
TN:
SF:components/argon-components/BaseSwitch.vue
FN:25,(anonymous_1)
FN:28,(anonymous_2)
FNF:2
FNH:0
FNDA:0,(anonymous_1)
FNDA:0,(anonymous_2)
DA:26,0
DA:29,0
LF:2
LH:0
BRF:0
BRH:0
end_of_record
TN:
SF:components/argon-components/CloseButton.vue
FN:30,(anonymous_1)
FNF:1
FNH:0
FNDA:0,(anonymous_1)
DA:31,0
LF:1
LH:0
BRF:0
BRH:0
end_of_record
TN:
SF:components/argon-components/Modal.vue
FN:76,(anonymous_1)
FN:113,(anonymous_2)
FN:123,(anonymous_3)
FNF:3
FNH:0
FNDA:0,(anonymous_1)
FNDA:0,(anonymous_2)
FNDA:0,(anonymous_3)
DA:60,0
DA:77,0
DA:78,0
DA:114,0
DA:115,0
DA:116,0
DA:118,0
DA:124,0
DA:125,0
LF:9
LH:0
BRDA:115,0,0,0
BRDA:115,0,1,0
BRF:2
BRH:0
end_of_record
TN:
SF:components/argon-components/Tabs/Tab.vue
FN:27,(anonymous_1)
FN:32,(anonymous_2)
FN:35,(anonymous_3)
FNF:3
FNH:0
FNDA:0,(anonymous_1)
FNDA:0,(anonymous_2)
FNDA:0,(anonymous_3)
DA:28,0
DA:33,0
DA:36,0
DA:37,0
DA:39,0
LF:5
LH:0
BRDA:36,0,0,0
BRDA:36,0,1,0
BRDA:36,1,0,0
BRDA:36,1,1,0
BRF:4
BRH:0
end_of_record
TN:
SF:components/argon-components/Tabs/TabPane.vue
FN:17,(anonymous_1)
FN:22,(anonymous_2)
FN:25,(anonymous_3)
FNF:3
FNH:0
FNDA:0,(anonymous_1)
FNDA:0,(anonymous_2)
FNDA:0,(anonymous_3)
DA:18,0
DA:23,0
DA:26,0
DA:27,0
DA:29,0
LF:5
LH:0
BRDA:26,0,0,0
BRDA:26,0,1,0
BRDA:26,1,0,0
BRDA:26,1,1,0
BRF:4
BRH:0
end_of_record
TN:
SF:components/argon-components/Tabs/Tabs.vue
FN:58,(anonymous_2)
FN:67,(anonymous_3)
FN:128,(anonymous_4)
FN:134,(anonymous_5)
FN:141,(anonymous_6)
FN:144,(anonymous_7)
FN:152,(anonymous_8)
FN:156,(anonymous_9)
FN:157,(anonymous_10)
FN:168,(anonymous_11)
FN:169,(anonymous_12)
FN:174,(anonymous_13)
FN:180,(anonymous_14)
FN:182,(anonymous_15)
FN:183,(anonymous_16)
FN:187,(anonymous_17)
FN:193,(anonymous_18)
FNF:17
FNH:0
FNDA:0,(anonymous_2)
FNDA:0,(anonymous_3)
FNDA:0,(anonymous_4)
FNDA:0,(anonymous_5)
FNDA:0,(anonymous_6)
FNDA:0,(anonymous_7)
FNDA:0,(anonymous_8)
FNDA:0,(anonymous_9)
FNDA:0,(anonymous_10)
FNDA:0,(anonymous_11)
FNDA:0,(anonymous_12)
FNDA:0,(anonymous_13)
FNDA:0,(anonymous_14)
FNDA:0,(anonymous_15)
FNDA:0,(anonymous_16)
FNDA:0,(anonymous_17)
FNDA:0,(anonymous_18)
DA:49,0
DA:50,0
DA:59,0
DA:68,0
DA:76,0
DA:129,0
DA:135,0
DA:142,0
DA:145,0
DA:153,0
DA:157,0
DA:158,0
DA:159,0
DA:161,0
DA:162,0
DA:169,0
DA:170,0
DA:171,0
DA:175,0
DA:176,0
DA:178,0
DA:179,0
DA:180,0
DA:183,0
DA:184,0
DA:188,0
DA:189,0
DA:191,0
DA:194,0
DA:195,0
DA:196,0
DA:197,0
LF:32
LH:0
BRDA:59,0,0,0
BRDA:59,0,1,0
BRDA:142,1,0,0
BRDA:142,1,1,0
BRDA:158,2,0,0
BRDA:158,2,1,0
BRDA:161,3,0,0
BRDA:161,3,1,0
BRDA:170,4,0,0
BRDA:170,4,1,0
BRDA:175,5,0,0
BRDA:175,5,1,0
BRDA:188,6,0,0
BRDA:188,6,1,0
BRDA:196,7,0,0
BRDA:196,7,1,0
BRF:16
BRH:0
end_of_record
TN:
SF:components/argon/Tabs/Tab.vue
FN:25,(anonymous_1)
FN:30,(anonymous_2)
FN:33,(anonymous_3)
FNF:3
FNH:0
FNDA:0,(anonymous_1)
FNDA:0,(anonymous_2)
FNDA:0,(anonymous_3)
DA:26,0
DA:31,0
DA:34,0
DA:35,0
DA:37,0
LF:5
LH:0
BRDA:34,0,0,0
BRDA:34,0,1,0
BRDA:34,1,0,0
BRDA:34,1,1,0
BRF:4
BRH:0
end_of_record
TN:
SF:components/argon/Tabs/TabPane.vue
FN:15,(anonymous_1)
FN:20,(anonymous_2)
FN:23,(anonymous_3)
FNF:3
FNH:0
FNDA:0,(anonymous_1)
FNDA:0,(anonymous_2)
FNDA:0,(anonymous_3)
DA:16,0
DA:21,0
DA:24,0
DA:25,0
DA:27,0
LF:5
LH:0
BRDA:24,0,0,0
BRDA:24,0,1,0
BRDA:24,1,0,0
BRDA:24,1,1,0
BRF:4
BRH:0
end_of_record
TN:
SF:components/argon/Tabs/Tabs.vue
FN:54,(anonymous_2)
FN:63,(anonymous_3)
FN:124,(anonymous_4)
FN:130,(anonymous_5)
FN:137,(anonymous_6)
FN:140,(anonymous_7)
FN:148,(anonymous_8)
FN:149,(anonymous_9)
FN:154,(anonymous_10)
FN:160,(anonymous_11)
FN:162,(anonymous_12)
FN:163,(anonymous_13)
FN:167,(anonymous_14)
FN:173,(anonymous_15)
FN:181,(anonymous_16)
FN:182,(anonymous_17)
FN:193,(anonymous_18)
FNF:17
FNH:0
FNDA:0,(anonymous_2)
FNDA:0,(anonymous_3)
FNDA:0,(anonymous_4)
FNDA:0,(anonymous_5)
FNDA:0,(anonymous_6)
FNDA:0,(anonymous_7)
FNDA:0,(anonymous_8)
FNDA:0,(anonymous_9)
FNDA:0,(anonymous_10)
FNDA:0,(anonymous_11)
FNDA:0,(anonymous_12)
FNDA:0,(anonymous_13)
FNDA:0,(anonymous_14)
FNDA:0,(anonymous_15)
FNDA:0,(anonymous_16)
FNDA:0,(anonymous_17)
FNDA:0,(anonymous_18)
DA:45,0
DA:46,0
DA:55,0
DA:64,0
DA:72,0
DA:125,0
DA:131,0
DA:138,0
DA:141,0
DA:149,0
DA:150,0
DA:151,0
DA:155,0
DA:156,0
DA:158,0
DA:159,0
DA:160,0
DA:163,0
DA:164,0
DA:168,0
DA:169,0
DA:171,0
DA:174,0
DA:175,0
DA:176,0
DA:177,0
DA:182,0
DA:183,0
DA:184,0
DA:186,0
DA:187,0
DA:194,0
LF:32
LH:0
BRDA:55,0,0,0
BRDA:55,0,1,0
BRDA:138,1,0,0
BRDA:138,1,1,0
BRDA:150,2,0,0
BRDA:150,2,1,0
BRDA:155,3,0,0
BRDA:155,3,1,0
BRDA:168,4,0,0
BRDA:168,4,1,0
BRDA:176,5,0,0
BRDA:176,5,1,0
BRDA:183,6,0,0
BRDA:183,6,1,0
BRDA:186,7,0,0
BRDA:186,7,1,0
BRF:16
BRH:0
end_of_record
TN:
SF:components/sb-components/BeatmapListCard.vue
FN:64,(anonymous_2)
FN:75,(anonymous_3)
FN:118,(anonymous_4)
FNF:3
FNH:0
FNDA:0,(anonymous_2)
FNDA:0,(anonymous_3)
FNDA:0,(anonymous_4)
DA:50,0
DA:52,0
DA:64,0
DA:75,0
DA:119,0
LF:5
LH:0
BRF:0
BRH:0
end_of_record
TN:
SF:components/sb-components/BeatmapsetListItem.vue
FN:102,(anonymous_2)
FN:117,(anonymous_3)
FN:120,(anonymous_4)
FN:125,(anonymous_5)
FN:128,(anonymous_6)
FN:132,(anonymous_7)
FN:135,(anonymous_8)
FNF:7
FNH:0
FNDA:0,(anonymous_2)
FNDA:0,(anonymous_3)
FNDA:0,(anonymous_4)
FNDA:0,(anonymous_5)
FNDA:0,(anonymous_6)
FNDA:0,(anonymous_7)
FNDA:0,(anonymous_8)
DA:94,0
DA:102,0
DA:118,0
DA:121,0
DA:126,0
DA:129,0
DA:130,0
DA:133,0
DA:136,0
LF:9
LH:0
BRF:0
BRH:0
end_of_record
TN:
SF:components/sb-components/ModeSwitcher.vue
FN:39,(anonymous_1)
FN:42,(anonymous_2)
FNF:2
FNH:0
FNDA:0,(anonymous_1)
FNDA:0,(anonymous_2)
DA:40,0
DA:43,0
LF:2
LH:0
BRF:0
BRH:0
end_of_record
TN:
SF:components/sb-components/SearchCollection.vue
FN:25,(anonymous_2)
FN:33,(anonymous_3)
FN:42,(anonymous_4)
FN:49,(anonymous_5)
FN:53,(anonymous_6)
FN:63,(anonymous_7)
FN:70,(anonymous_8)
FNF:7
FNH:0
FNDA:0,(anonymous_2)
FNDA:0,(anonymous_3)
FNDA:0,(anonymous_4)
FNDA:0,(anonymous_5)
FNDA:0,(anonymous_6)
FNDA:0,(anonymous_7)
FNDA:0,(anonymous_8)
DA:15,0
DA:17,0
DA:18,0
DA:26,0
DA:34,0
DA:50,0
DA:51,0
DA:52,0
DA:53,0
DA:61,0
DA:66,0
DA:71,0
LF:12
LH:0
BRDA:50,0,0,0
BRDA:50,0,1,0
BRDA:51,1,0,0
BRDA:51,1,1,0
BRDA:51,2,0,0
BRDA:51,2,1,0
BRDA:61,3,0,0
BRDA:61,3,1,0
BRF:8
BRH:0
end_of_record
TN:
SF:components/sb-components/SwitchLocale.vue
FN:97,(anonymous_2)
FN:101,(anonymous_3)
FN:106,(anonymous_4)
FNF:3
FNH:0
FNDA:0,(anonymous_2)
FNDA:0,(anonymous_3)
FNDA:0,(anonymous_4)
DA:92,0
DA:98,0
DA:103,0
DA:104,0
DA:107,0
LF:5
LH:0
BRF:0
BRH:0
end_of_record
TN:
SF:components/sb-layouts/AppFooter.vue
FN:94,(anonymous_1)
FNF:1
FNH:0
FNDA:0,(anonymous_1)
DA:95,0
LF:1
LH:0
BRF:0
BRH:0
end_of_record
TN:
SF:components/sb-layouts/AppHeader.vue
FNF:0
FNH:0
DA:105,0
DA:106,0
DA:107,0
DA:109,0
DA:110,0
LF:5
LH:0
BRF:0
BRH:0
end_of_record
TN:
SF:components/sb-layouts/components/SectionLayout.vue
FN:83,(anonymous_1)
FNF:1
FNH:0
FNDA:0,(anonymous_1)
DA:84,0
LF:1
LH:0
BRF:0
BRH:0
end_of_record
TN:
SF:pages/index.vue
FNF:0
FNH:0
DA:14,0
DA:15,0
LF:2
LH:0
BRF:0
BRH:0
end_of_record
TN:
SF:pages/collections/_slug.vue
FN:122,(anonymous_2)
FN:124,(anonymous_3)
FN:129,(anonymous_4)
FN:135,(anonymous_5)
FN:140,(anonymous_6)
FN:143,(anonymous_7)
FN:146,(anonymous_8)
FN:149,(anonymous_9)
FN:153,(anonymous_10)
FN:164,(anonymous_11)
FN:166,(anonymous_12)
FN:168,(anonymous_13)
FN:169,(anonymous_14)
FN:174,(anonymous_15)
FN:180,(anonymous_16)
FN:181,(anonymous_17)
FN:182,(anonymous_18)
FN:186,(anonymous_19)
FN:187,(anonymous_20)
FN:189,(anonymous_22)
FN:190,(anonymous_23)
FN:192,(anonymous_24)
FN:193,(anonymous_25)
FN:195,(anonymous_27)
FNF:24
FNH:0
FNDA:0,(anonymous_2)
FNDA:0,(anonymous_3)
FNDA:0,(anonymous_4)
FNDA:0,(anonymous_5)
FNDA:0,(anonymous_6)
FNDA:0,(anonymous_7)
FNDA:0,(anonymous_8)
FNDA:0,(anonymous_9)
FNDA:0,(anonymous_10)
FNDA:0,(anonymous_11)
FNDA:0,(anonymous_12)
FNDA:0,(anonymous_13)
FNDA:0,(anonymous_14)
FNDA:0,(anonymous_15)
FNDA:0,(anonymous_16)
FNDA:0,(anonymous_17)
FNDA:0,(anonymous_18)
FNDA:0,(anonymous_19)
FNDA:0,(anonymous_20)
FNDA:0,(anonymous_22)
FNDA:0,(anonymous_23)
FNDA:0,(anonymous_24)
FNDA:0,(anonymous_25)
FNDA:0,(anonymous_27)
DA:107,0
DA:108,0
DA:110,0
DA:111,0
DA:112,0
DA:113,0
DA:114,0
DA:123,0
DA:124,0
DA:125,0
DA:128,0
DA:129,0
DA:130,0
DA:136,0
DA:141,0
DA:144,0
DA:147,0
DA:150,0
DA:151,0
DA:154,0
DA:161,0
DA:162,0
DA:165,0
DA:166,0
DA:167,0
DA:168,0
DA:169,0
DA:172,0
DA:175,0
DA:176,0
DA:177,0
DA:178,0
DA:181,0
DA:182,0
DA:183,0
DA:187,0
DA:190,0
DA:193,0
DA:196,0
DA:197,0
DA:199,0
LF:41
LH:0
BRDA:123,0,0,0
BRDA:123,0,1,0
BRDA:128,1,0,0
BRDA:128,1,1,0
BRDA:182,2,0,0
BRDA:182,2,1,0
BRF:6
BRH:0
end_of_record
TN:
SF:pages/collections/upload.vue
FN:154,(anonymous_2)
FN:174,(anonymous_3)
FN:175,(anonymous_4)
FN:180,(anonymous_5)
FN:190,(anonymous_6)
FN:193,(anonymous_7)
FN:197,(anonymous_8)
FN:201,(anonymous_9)
FN:204,(anonymous_10)
FN:205,(anonymous_11)
FN:210,(anonymous_12)
FN:216,(anonymous_13)
FN:228,(anonymous_14)
FN:230,(anonymous_15)
FN:231,mapListToMapsetList
FN:232,(anonymous_17)
FN:237,(anonymous_18)
FN:259,(anonymous_19)
FN:263,(anonymous_20)
FN:265,(anonymous_22)
FN:266,(anonymous_23)
FN:277,(anonymous_24)
FN:279,(anonymous_25)
FN:289,(anonymous_26)
FN:291,(anonymous_28)
FN:294,(anonymous_29)
FN:297,(anonymous_30)
FN:298,(anonymous_31)
FN:300,(anonymous_32)
FN:301,(anonymous_33)
FN:303,(anonymous_35)
FN:304,(anonymous_36)
FN:306,(anonymous_37)
FN:307,(anonymous_38)
FN:309,(anonymous_40)
FN:316,(anonymous_41)
FN:317,(anonymous_42)
FNF:37
FNH:0
FNDA:0,(anonymous_2)
FNDA:0,(anonymous_3)
FNDA:0,(anonymous_4)
FNDA:0,(anonymous_5)
FNDA:0,(anonymous_6)
FNDA:0,(anonymous_7)
FNDA:0,(anonymous_8)
FNDA:0,(anonymous_9)
FNDA:0,(anonymous_10)
FNDA:0,(anonymous_11)
FNDA:0,(anonymous_12)
FNDA:0,(anonymous_13)
FNDA:0,(anonymous_14)
FNDA:0,(anonymous_15)
FNDA:0,mapListToMapsetList
FNDA:0,(anonymous_17)
FNDA:0,(anonymous_18)
FNDA:0,(anonymous_19)
FNDA:0,(anonymous_20)
FNDA:0,(anonymous_22)
FNDA:0,(anonymous_23)
FNDA:0,(anonymous_24)
FNDA:0,(anonymous_25)
FNDA:0,(anonymous_26)
FNDA:0,(anonymous_28)
FNDA:0,(anonymous_29)
FNDA:0,(anonymous_30)
FNDA:0,(anonymous_31)
FNDA:0,(anonymous_32)
FNDA:0,(anonymous_33)
FNDA:0,(anonymous_35)
FNDA:0,(anonymous_36)
FNDA:0,(anonymous_37)
FNDA:0,(anonymous_38)
FNDA:0,(anonymous_40)
FNDA:0,(anonymous_41)
FNDA:0,(anonymous_42)
DA:138,0
DA:140,0
DA:142,0
DA:143,0
DA:144,0
DA:145,0
DA:146,0
DA:155,0
DA:175,0
DA:176,0
DA:181,0
DA:182,0
DA:183,0
DA:186,0
DA:191,0
DA:194,0
DA:202,0
DA:204,0
DA:205,0
DA:206,0
DA:207,0
DA:210,0
DA:211,0
DA:213,0
DA:217,0
DA:218,0
DA:220,0
DA:222,0
DA:223,0
DA:224,0
DA:225,0
DA:226,0
DA:229,0
DA:230,0
DA:232,0
DA:233,0
DA:234,0
DA:235,0
DA:237,0
DA:238,0
DA:239,0
DA:252,0
DA:254,0
DA:255,0
DA:259,0
DA:260,0
DA:263,0
DA:265,0
DA:266,0
DA:267,0
DA:275,0
DA:278,0
DA:279,0
DA:289,0
DA:292,0
DA:295,0
DA:298,0
DA:301,0
DA:304,0
DA:307,0
DA:310,0
DA:311,0
DA:313,0
DA:317,0
LF:64
LH:0
BRDA:175,0,0,0
BRDA:175,0,1,0
BRDA:182,1,0,0
BRDA:182,1,1,0
BRDA:218,2,0,0
BRDA:218,2,1,0
BRDA:225,3,0,0
BRDA:225,3,1,0
BRDA:233,4,0,0
BRDA:233,4,1,0
BRDA:238,5,0,0
BRDA:238,5,1,0
BRDA:263,6,0,0
BRDA:263,6,1,0
BRF:14
BRH:0
end_of_record
